<?xml version="1.0" encoding="UTF-8"?>
<testsuites name="Mocha Tests" time="0.414" tests="1" failures="0">
	<testsuite name="Root Suite" timestamp="2026-01-14T11:53:19" tests="0" time="0.000" failures="0">
	</testsuite>
	<testsuite name="Error Serializer Test Cases" timestamp="2026-01-14T11:53:19" tests="1" file="/home/vish/Work/twyr/entity-value-aggregate-server/packages/error-serializer/tests/index.spec.cjs" time="0.413" failures="0">
		<testcase name="Error Serializer Test Cases Global Snooze for 400ms" time="0.411" classname="Global Snooze for 400ms">
		</testcase>
	</testsuite>
</testsuites>
