<?xml version="1.0" encoding="UTF-8"?>
<testsuites name="Mocha Tests" time="0.421" tests="1" failures="0">
	<testsuite name="Root Suite" timestamp="2026-01-19T06:39:51" tests="0" time="0.000" failures="0">
	</testsuite>
	<testsuite name="Framework Classes Test Cases" timestamp="2026-01-19T06:39:51" tests="1" file="/home/vish/Work/twyr/entity-value-aggregate-server/packages/framework-classes/tests/index.spec.cjs" time="0.420" failures="0">
		<testcase name="Framework Classes Test Cases Global Snooze for 400ms" time="0.418" classname="Global Snooze for 400ms">
		</testcase>
	</testsuite>
</testsuites>
