<?xml version="1.0" encoding="UTF-8"?>
<testsuites name="Mocha Tests" time="0.418" tests="1" failures="0">
	<testsuite name="Root Suite" timestamp="2026-01-19T06:40:20" tests="0" time="0.000" failures="0">
	</testsuite>
	<testsuite name="REST API Server Test Cases" timestamp="2026-01-19T06:40:20" tests="1" file="/home/vish/Work/twyr/entity-value-aggregate-server/servers/rest-api-server/tests/index.spec.cjs" time="0.416" failures="0">
		<testcase name="REST API Server Test Cases Global Snooze for 400ms" time="0.415" classname="Global Snooze for 400ms">
		</testcase>
	</testsuite>
</testsuites>
